<?xml version="1.0" encoding="UTF-8"?>
<testng-results skipped="0" failed="0" ignored="0" total="2" passed="2">
  <reporter-output>
  </reporter-output>
  <suite name="Default Suite" duration-ms="76" started-at="2019-09-10T14:25:57Z" finished-at="2019-09-10T14:25:57Z">
    <groups>
    </groups>
    <test name="TestNG" duration-ms="76" started-at="2019-09-10T14:25:57Z" finished-at="2019-09-10T14:25:57Z">
      <class name="TestNG.TestNGBasics">
        <test-method status="PASS" signature="setUp()[pri:0, instance:TestNG.TestNGBasics@1d76aeea]" name="setUp" is-config="true" duration-ms="46" started-at="2019-09-10T11:25:57Z" finished-at="2019-09-10T11:25:57Z">
          <reporter-output>
          </reporter-output>
        </test-method> <!-- setUp -->
        <test-method status="PASS" signature="login()[pri:0, instance:TestNG.TestNGBasics@1d76aeea]" name="login" is-config="true" duration-ms="0" started-at="2019-09-10T11:25:57Z" finished-at="2019-09-10T11:25:57Z">
          <reporter-output>
          </reporter-output>
        </test-method> <!-- login -->
        <test-method status="PASS" signature="launchBrowser()[pri:0, instance:TestNG.TestNGBasics@1d76aeea]" name="launchBrowser" is-config="true" duration-ms="0" started-at="2019-09-10T11:25:57Z" finished-at="2019-09-10T11:25:57Z">
          <reporter-output>
          </reporter-output>
        </test-method> <!-- launchBrowser -->
        <test-method status="PASS" signature="enterURL()[pri:0, instance:TestNG.TestNGBasics@1d76aeea]" name="enterURL" is-config="true" duration-ms="2" started-at="2019-09-10T11:25:57Z" finished-at="2019-09-10T11:25:57Z">
          <reporter-output>
          </reporter-output>
        </test-method> <!-- enterURL -->
        <test-method status="PASS" signature="googleTitleTest()[pri:0, instance:TestNG.TestNGBasics@1d76aeea]" name="googleTitleTest" duration-ms="0" started-at="2019-09-10T11:25:57Z" finished-at="2019-09-10T11:25:57Z">
          <reporter-output>
          </reporter-output>
        </test-method> <!-- googleTitleTest -->
        <test-method status="PASS" signature="logout()[pri:0, instance:TestNG.TestNGBasics@1d76aeea]" name="logout" is-config="true" duration-ms="12" started-at="2019-09-10T11:25:57Z" finished-at="2019-09-10T11:25:57Z">
          <reporter-output>
          </reporter-output>
        </test-method> <!-- logout -->
        <test-method status="PASS" signature="enterURL()[pri:0, instance:TestNG.TestNGBasics@1d76aeea]" name="enterURL" is-config="true" duration-ms="1" started-at="2019-09-10T11:25:57Z" finished-at="2019-09-10T11:25:57Z">
          <reporter-output>
          </reporter-output>
        </test-method> <!-- enterURL -->
        <test-method status="PASS" signature="searchTest()[pri:0, instance:TestNG.TestNGBasics@1d76aeea]" name="searchTest" duration-ms="1" started-at="2019-09-10T11:25:57Z" finished-at="2019-09-10T11:25:57Z">
          <reporter-output>
          </reporter-output>
        </test-method> <!-- searchTest -->
        <test-method status="PASS" signature="logout()[pri:0, instance:TestNG.TestNGBasics@1d76aeea]" name="logout" is-config="true" duration-ms="1" started-at="2019-09-10T11:25:57Z" finished-at="2019-09-10T11:25:57Z">
          <reporter-output>
          </reporter-output>
        </test-method> <!-- logout -->
        <test-method status="PASS" signature="closeBrowser()[pri:0, instance:TestNG.TestNGBasics@1d76aeea]" name="closeBrowser" is-config="true" duration-ms="1" started-at="2019-09-10T11:25:57Z" finished-at="2019-09-10T11:25:57Z">
          <reporter-output>
          </reporter-output>
        </test-method> <!-- closeBrowser -->
        <test-method status="PASS" signature="deleteAllCookies()[pri:0, instance:TestNG.TestNGBasics@1d76aeea]" name="deleteAllCookies" is-config="true" duration-ms="3" started-at="2019-09-10T11:25:57Z" finished-at="2019-09-10T11:25:57Z">
          <reporter-output>
          </reporter-output>
        </test-method> <!-- deleteAllCookies -->
      </class> <!-- TestNG.TestNGBasics -->
    </test> <!-- TestNG -->
  </suite> <!-- Default Suite -->
</testng-results>
